Determining if the pthread_create exist failed with the following output:
Change Dir: /home/zhaoxin/Code/catkin_gmm_multirrt/src/motion_planners/cmake-build-debug/CMakeFiles/CMakeTmp

Run Build Command:"/usr/bin/make" "cmTC_a0d48/fast"
/usr/bin/make -f CMakeFiles/cmTC_a0d48.dir/build.make CMakeFiles/cmTC_a0d48.dir/build
make[1]: 正在进入目录 `/home/zhaoxin/Code/catkin_gmm_multirrt/src/motion_planners/cmake-build-debug/CMakeFiles/CMakeTmp'
Building C object CMakeFiles/cmTC_a0d48.dir/CheckSymbolExists.c.o
/usr/bin/cc    -o CMakeFiles/cmTC_a0d48.dir/CheckSymbolExists.c.o   -c /home/zhaoxin/Code/catkin_gmm_multirrt/src/motion_planners/cmake-build-debug/CMakeFiles/CMakeTmp/CheckSymbolExists.c
Linking C executable cmTC_a0d48
/home/zhaoxin/Software/clion-2017.2.3/bin/cmake/bin/cmake -E cmake_link_script CMakeFiles/cmTC_a0d48.dir/link.txt --verbose=1
/usr/bin/cc      -rdynamic CMakeFiles/cmTC_a0d48.dir/CheckSymbolExists.c.o  -o cmTC_a0d48 
CMakeFiles/cmTC_a0d48.dir/CheckSymbolExists.c.o：在函数‘main’中：
CheckSymbolExists.c:(.text+0x16)：对‘pthread_create’未定义的引用
collect2: error: ld returned 1 exit status
make[1]: *** [cmTC_a0d48] 错误 1
make[1]:正在离开目录 `/home/zhaoxin/Code/catkin_gmm_multirrt/src/motion_planners/cmake-build-debug/CMakeFiles/CMakeTmp'
make: *** [cmTC_a0d48/fast] 错误 2

File /home/zhaoxin/Code/catkin_gmm_multirrt/src/motion_planners/cmake-build-debug/CMakeFiles/CMakeTmp/CheckSymbolExists.c:
/* */
#include <pthread.h>

int main(int argc, char** argv)
{
  (void)argv;
#ifndef pthread_create
  return ((int*)(&pthread_create))[argc];
#else
  (void)argc;
  return 0;
#endif
}

Determining if the function pthread_create exists in the pthreads failed with the following output:
Change Dir: /home/zhaoxin/Code/catkin_gmm_multirrt/src/motion_planners/cmake-build-debug/CMakeFiles/CMakeTmp

Run Build Command:"/usr/bin/make" "cmTC_6076b/fast"
/usr/bin/make -f CMakeFiles/cmTC_6076b.dir/build.make CMakeFiles/cmTC_6076b.dir/build
make[1]: 正在进入目录 `/home/zhaoxin/Code/catkin_gmm_multirrt/src/motion_planners/cmake-build-debug/CMakeFiles/CMakeTmp'
Building C object CMakeFiles/cmTC_6076b.dir/CheckFunctionExists.c.o
/usr/bin/cc   -DCHECK_FUNCTION_EXISTS=pthread_create   -o CMakeFiles/cmTC_6076b.dir/CheckFunctionExists.c.o   -c /home/zhaoxin/Software/clion-2017.2.3/bin/cmake/share/cmake-3.8/Modules/CheckFunctionExists.c
Linking C executable cmTC_6076b
/home/zhaoxin/Software/clion-2017.2.3/bin/cmake/bin/cmake -E cmake_link_script CMakeFiles/cmTC_6076b.dir/link.txt --verbose=1
/usr/bin/cc  -DCHECK_FUNCTION_EXISTS=pthread_create    -rdynamic CMakeFiles/cmTC_6076b.dir/CheckFunctionExists.c.o  -o cmTC_6076b -lpthreads 
/usr/bin/ld: 找不到 -lpthreads
collect2: error: ld returned 1 exit status
make[1]: *** [cmTC_6076b] 错误 1
make[1]:正在离开目录 `/home/zhaoxin/Code/catkin_gmm_multirrt/src/motion_planners/cmake-build-debug/CMakeFiles/CMakeTmp'
make: *** [cmTC_6076b/fast] 错误 2


